<?xml version="1.0" encoding="UTF-8"?>
<testsuite hostname="pc-PC" name="sourceCode.FourModulesExcel" tests="4" failures="0" timestamp="5 Apr 2019 12:55:09 GMT" time="118.325" errors="0">
  <testcase name="generalMtd" time="14.986" classname="sourceCode.FourModulesExcel"/>
  <testcase name="generalMtd" time="32.412" classname="sourceCode.FourModulesExcel"/>
  <testcase name="generalMtd" time="12.412" classname="sourceCode.FourModulesExcel"/>
  <testcase name="generalMtd" time="44.081" classname="sourceCode.FourModulesExcel"/>
</testsuite>
