<?xml version="1.0" encoding="UTF-8"?>
<testng-results skipped="0" failed="0" total="5" passed="5">
  <reporter-output>
    <line>
      <![CDATA[About to begin executing Suite SathyaElectronics]]>
    </line>
    <line>
      <![CDATA[About to begin executing Test Test1]]>
    </line>
    <line>
      <![CDATA[About to begin executing Test Test1]]>
    </line>
    <line>
      <![CDATA[About to begin executing following method : FourModulesExcel.setUp]]>
    </line>
    <line>
      <![CDATA[About to begin executing following method : FourModulesExcel.setUp]]>
    </line>
    <line>
      <![CDATA[About to begin executing following method : FourModulesExcel.setUp]]>
    </line>
    <line>
      <![CDATA[Completed executing following method : FourModulesExcel.setUp]]>
    </line>
    <line>
      <![CDATA[Completed executing following method : FourModulesExcel.setUp]]>
    </line>
    <line>
      <![CDATA[Completed executing following method : FourModulesExcel.setUp]]>
    </line>
    <line>
      <![CDATA[About to begin executing following method : FourModulesExcel.bMtdGnrlMtd]]>
    </line>
    <line>
      <![CDATA[About to begin executing following method : FourModulesExcel.bMtdGnrlMtd]]>
    </line>
    <line>
      <![CDATA[About to begin executing following method : FourModulesExcel.bMtdGnrlMtd]]>
    </line>
    <line>
      <![CDATA[Completed executing following method : FourModulesExcel.bMtdGnrlMtd]]>
    </line>
    <line>
      <![CDATA[Completed executing following method : FourModulesExcel.bMtdGnrlMtd]]>
    </line>
    <line>
      <![CDATA[Completed executing following method : FourModulesExcel.bMtdGnrlMtd]]>
    </line>
    <line>
      <![CDATA[About to begin executing following method : FourModulesExcel.generalMtd]]>
    </line>
    <line>
      <![CDATA[About to begin executing following method : FourModulesExcel.generalMtd]]>
    </line>
    <line>
      <![CDATA[About to begin executing following method : FourModulesExcel.generalMtd]]>
    </line>
    <line>
      <![CDATA[Completed executing following method : FourModulesExcel.generalMtd]]>
    </line>
    <line>
      <![CDATA[Completed executing following method : FourModulesExcel.generalMtd]]>
    </line>
    <line>
      <![CDATA[Completed executing following method : FourModulesExcel.generalMtd]]>
    </line>
    <line>
      <![CDATA[Test Method resides in sourceCode.FourModulesExcel]]>
    </line>
    <line>
      <![CDATA[Test Method had the following parameters : nullpageObjects.AirConditioner@58670130,pageObjects.ACProductPage@74e47444,1,2,]]>
    </line>
    <line>
      <![CDATA[Test Status: Pass]]>
    </line>
    <line>
      <![CDATA[Test Method resides in sourceCode.FourModulesExcel]]>
    </line>
    <line>
      <![CDATA[Test Method had the following parameters : nullpageObjects.AirConditioner@58670130,pageObjects.ACProductPage@74e47444,1,2,]]>
    </line>
    <line>
      <![CDATA[Test Status: Pass]]>
    </line>
    <line>
      <![CDATA[About to begin executing following method : FourModulesExcel.bMtdGnrlMtd]]>
    </line>
    <line>
      <![CDATA[About to begin executing following method : FourModulesExcel.bMtdGnrlMtd]]>
    </line>
    <line>
      <![CDATA[About to begin executing following method : FourModulesExcel.bMtdGnrlMtd]]>
    </line>
    <line>
      <![CDATA[Completed executing following method : FourModulesExcel.bMtdGnrlMtd]]>
    </line>
    <line>
      <![CDATA[Completed executing following method : FourModulesExcel.bMtdGnrlMtd]]>
    </line>
    <line>
      <![CDATA[Completed executing following method : FourModulesExcel.bMtdGnrlMtd]]>
    </line>
    <line>
      <![CDATA[About to begin executing following method : FourModulesExcel.generalMtd]]>
    </line>
    <line>
      <![CDATA[About to begin executing following method : FourModulesExcel.generalMtd]]>
    </line>
    <line>
      <![CDATA[About to begin executing following method : FourModulesExcel.generalMtd]]>
    </line>
    <line>
      <![CDATA[Completed executing following method : FourModulesExcel.generalMtd]]>
    </line>
    <line>
      <![CDATA[Completed executing following method : FourModulesExcel.generalMtd]]>
    </line>
    <line>
      <![CDATA[Completed executing following method : FourModulesExcel.generalMtd]]>
    </line>
    <line>
      <![CDATA[Test Method resides in sourceCode.FourModulesExcel]]>
    </line>
    <line>
      <![CDATA[Test Method had the following parameters : nullpageObjects.Refrigerator@5fd9b663,pageObjects.RefrigeProductPage@214894fc,1,3,]]>
    </line>
    <line>
      <![CDATA[Test Status: Pass]]>
    </line>
    <line>
      <![CDATA[Test Method resides in sourceCode.FourModulesExcel]]>
    </line>
    <line>
      <![CDATA[Test Method had the following parameters : nullpageObjects.Refrigerator@5fd9b663,pageObjects.RefrigeProductPage@214894fc,1,3,]]>
    </line>
    <line>
      <![CDATA[Test Status: Pass]]>
    </line>
    <line>
      <![CDATA[About to begin executing following method : FourModulesExcel.bMtdGnrlMtd]]>
    </line>
    <line>
      <![CDATA[About to begin executing following method : FourModulesExcel.bMtdGnrlMtd]]>
    </line>
    <line>
      <![CDATA[About to begin executing following method : FourModulesExcel.bMtdGnrlMtd]]>
    </line>
    <line>
      <![CDATA[Completed executing following method : FourModulesExcel.bMtdGnrlMtd]]>
    </line>
    <line>
      <![CDATA[Completed executing following method : FourModulesExcel.bMtdGnrlMtd]]>
    </line>
    <line>
      <![CDATA[Completed executing following method : FourModulesExcel.bMtdGnrlMtd]]>
    </line>
    <line>
      <![CDATA[About to begin executing following method : FourModulesExcel.generalMtd]]>
    </line>
    <line>
      <![CDATA[About to begin executing following method : FourModulesExcel.generalMtd]]>
    </line>
    <line>
      <![CDATA[About to begin executing following method : FourModulesExcel.generalMtd]]>
    </line>
    <line>
      <![CDATA[Completed executing following method : FourModulesExcel.generalMtd]]>
    </line>
    <line>
      <![CDATA[Completed executing following method : FourModulesExcel.generalMtd]]>
    </line>
    <line>
      <![CDATA[Completed executing following method : FourModulesExcel.generalMtd]]>
    </line>
    <line>
      <![CDATA[Test Method resides in sourceCode.FourModulesExcel]]>
    </line>
    <line>
      <![CDATA[Test Method had the following parameters : nullpageObjects.WashMachine@6b580b88,pageObjects.WashMachineProductPage@6d91790b,1,4,]]>
    </line>
    <line>
      <![CDATA[Test Status: Pass]]>
    </line>
    <line>
      <![CDATA[Test Method resides in sourceCode.FourModulesExcel]]>
    </line>
    <line>
      <![CDATA[Test Method had the following parameters : nullpageObjects.WashMachine@6b580b88,pageObjects.WashMachineProductPage@6d91790b,1,4,]]>
    </line>
    <line>
      <![CDATA[Test Status: Pass]]>
    </line>
    <line>
      <![CDATA[About to begin executing following method : FourModulesExcel.bMtdGnrlMtd]]>
    </line>
    <line>
      <![CDATA[About to begin executing following method : FourModulesExcel.bMtdGnrlMtd]]>
    </line>
    <line>
      <![CDATA[About to begin executing following method : FourModulesExcel.bMtdGnrlMtd]]>
    </line>
    <line>
      <![CDATA[Completed executing following method : FourModulesExcel.bMtdGnrlMtd]]>
    </line>
    <line>
      <![CDATA[Completed executing following method : FourModulesExcel.bMtdGnrlMtd]]>
    </line>
    <line>
      <![CDATA[Completed executing following method : FourModulesExcel.bMtdGnrlMtd]]>
    </line>
    <line>
      <![CDATA[About to begin executing following method : FourModulesExcel.generalMtd]]>
    </line>
    <line>
      <![CDATA[About to begin executing following method : FourModulesExcel.generalMtd]]>
    </line>
    <line>
      <![CDATA[About to begin executing following method : FourModulesExcel.generalMtd]]>
    </line>
    <line>
      <![CDATA[Completed executing following method : FourModulesExcel.generalMtd]]>
    </line>
    <line>
      <![CDATA[Completed executing following method : FourModulesExcel.generalMtd]]>
    </line>
    <line>
      <![CDATA[Completed executing following method : FourModulesExcel.generalMtd]]>
    </line>
    <line>
      <![CDATA[Test Method resides in sourceCode.FourModulesExcel]]>
    </line>
    <line>
      <![CDATA[Test Method had the following parameters : nullpageObjects.ComputerAccessories@6345e7b9,pageObjects.ComAccessoriesProductPage@4f8b4bd0,5,6,]]>
    </line>
    <line>
      <![CDATA[Test Status: Pass]]>
    </line>
    <line>
      <![CDATA[Test Method resides in sourceCode.FourModulesExcel]]>
    </line>
    <line>
      <![CDATA[Test Method had the following parameters : nullpageObjects.ComputerAccessories@6345e7b9,pageObjects.ComAccessoriesProductPage@4f8b4bd0,5,6,]]>
    </line>
    <line>
      <![CDATA[Test Status: Pass]]>
    </line>
    <line>
      <![CDATA[About to begin executing following method : FourModulesExcel.toCloseBrowser]]>
    </line>
    <line>
      <![CDATA[About to begin executing following method : FourModulesExcel.toCloseBrowser]]>
    </line>
    <line>
      <![CDATA[About to begin executing following method : FourModulesExcel.toCloseBrowser]]>
    </line>
    <line>
      <![CDATA[Completed executing following method : FourModulesExcel.toCloseBrowser]]>
    </line>
    <line>
      <![CDATA[Completed executing following method : FourModulesExcel.toCloseBrowser]]>
    </line>
    <line>
      <![CDATA[Completed executing following method : FourModulesExcel.toCloseBrowser]]>
    </line>
    <line>
      <![CDATA[Completed executing test Test1]]>
    </line>
    <line>
      <![CDATA[Completed executing test Test1]]>
    </line>
    <line>
      <![CDATA[About to begin executing Test Test2]]>
    </line>
    <line>
      <![CDATA[About to begin executing following method : ACModulePayment.setUp]]>
    </line>
    <line>
      <![CDATA[About to begin executing following method : ACModulePayment.setUp]]>
    </line>
    <line>
      <![CDATA[About to begin executing following method : ACModulePayment.setUp]]>
    </line>
    <line>
      <![CDATA[Completed executing following method : ACModulePayment.setUp]]>
    </line>
    <line>
      <![CDATA[Completed executing following method : ACModulePayment.setUp]]>
    </line>
    <line>
      <![CDATA[Completed executing following method : ACModulePayment.setUp]]>
    </line>
    <line>
      <![CDATA[About to begin executing following method : ACModulePayment.bMtdGnrlMtd]]>
    </line>
    <line>
      <![CDATA[About to begin executing following method : ACModulePayment.bMtdGnrlMtd]]>
    </line>
    <line>
      <![CDATA[About to begin executing following method : ACModulePayment.bMtdGnrlMtd]]>
    </line>
    <line>
      <![CDATA[Completed executing following method : ACModulePayment.bMtdGnrlMtd]]>
    </line>
    <line>
      <![CDATA[Completed executing following method : ACModulePayment.bMtdGnrlMtd]]>
    </line>
    <line>
      <![CDATA[Completed executing following method : ACModulePayment.bMtdGnrlMtd]]>
    </line>
    <line>
      <![CDATA[About to begin executing following method : ACModulePayment.paymentProcess]]>
    </line>
    <line>
      <![CDATA[About to begin executing following method : ACModulePayment.paymentProcess]]>
    </line>
    <line>
      <![CDATA[About to begin executing following method : ACModulePayment.paymentProcess]]>
    </line>
    <line>
      <![CDATA[Completed executing following method : ACModulePayment.paymentProcess]]>
    </line>
    <line>
      <![CDATA[Completed executing following method : ACModulePayment.paymentProcess]]>
    </line>
    <line>
      <![CDATA[Completed executing following method : ACModulePayment.paymentProcess]]>
    </line>
    <line>
      <![CDATA[Test Method resides in sourceCode.ACModulePayment]]>
    </line>
    <line>
      <![CDATA[Test Method had the following parameters : nullSaravanan,Arumugam,Salem,Salem,636455,India,saravananitindia@gmail.com,9677377669,]]>
    </line>
    <line>
      <![CDATA[Test Status: Pass]]>
    </line>
    <line>
      <![CDATA[About to begin executing following method : ACModulePayment.toCloseBrowser]]>
    </line>
    <line>
      <![CDATA[About to begin executing following method : ACModulePayment.toCloseBrowser]]>
    </line>
    <line>
      <![CDATA[About to begin executing following method : ACModulePayment.toCloseBrowser]]>
    </line>
    <line>
      <![CDATA[Completed executing following method : ACModulePayment.toCloseBrowser]]>
    </line>
    <line>
      <![CDATA[Completed executing following method : ACModulePayment.toCloseBrowser]]>
    </line>
    <line>
      <![CDATA[Completed executing following method : ACModulePayment.toCloseBrowser]]>
    </line>
    <line>
      <![CDATA[Completed executing test Test2]]>
    </line>
    <line>
      <![CDATA[About to end executing Suite SathyaElectronics]]>
    </line>
  </reporter-output>
  <suite name="SathyaElectronics" duration-ms="137438" started-at="2019-04-05T18:23:10Z" finished-at="2019-04-05T18:25:28Z">
    <groups>
    </groups>
    <test name="Test1" duration-ms="118325" started-at="2019-04-05T18:23:10Z" finished-at="2019-04-05T18:25:08Z">
      <class name="sourceCode.FourModulesExcel">
        <test-method status="PASS" signature="setUp()" name="setUp" is-config="true" duration-ms="6633" started-at="2019-04-05T18:23:10Z" finished-at="2019-04-05T18:23:17Z">
        </test-method>
        <test-method status="PASS" signature="bMtdGnrlMtd(java.lang.String)" name="bMtdGnrlMtd" is-config="true" duration-ms="2324" started-at="2019-04-05T18:23:17Z" finished-at="2019-04-05T18:23:19Z">
          <params>
            <param index="0">
              <value>
                <![CDATA[https://www.sathya.in/]]>
              </value>
            </param>
          </params>
        </test-method>
        <test-method status="PASS" signature="generalMtd(interfacePack.Commodity, interfacePack.Product, int, int)" name="generalMtd" duration-ms="14986" started-at="2019-04-05T18:23:19Z" finished-at="2019-04-05T18:23:34Z">
          <params>
            <param index="0">
              <value>
                <![CDATA[pageObjects.AirConditioner@58670130]]>
              </value>
            </param>
            <param index="1">
              <value>
                <![CDATA[pageObjects.ACProductPage@74e47444]]>
              </value>
            </param>
            <param index="2">
              <value>
                <![CDATA[1]]>
              </value>
            </param>
            <param index="3">
              <value>
                <![CDATA[2]]>
              </value>
            </param>
          </params>
        </test-method>
        <test-method status="PASS" signature="bMtdGnrlMtd(java.lang.String)" name="bMtdGnrlMtd" is-config="true" duration-ms="872" started-at="2019-04-05T18:23:34Z" finished-at="2019-04-05T18:23:35Z">
          <params>
            <param index="0">
              <value>
                <![CDATA[https://www.sathya.in/]]>
              </value>
            </param>
          </params>
        </test-method>
        <test-method status="PASS" signature="generalMtd(interfacePack.Commodity, interfacePack.Product, int, int)" name="generalMtd" duration-ms="32412" started-at="2019-04-05T18:23:35Z" finished-at="2019-04-05T18:24:08Z">
          <params>
            <param index="0">
              <value>
                <![CDATA[pageObjects.Refrigerator@5fd9b663]]>
              </value>
            </param>
            <param index="1">
              <value>
                <![CDATA[pageObjects.RefrigeProductPage@214894fc]]>
              </value>
            </param>
            <param index="2">
              <value>
                <![CDATA[1]]>
              </value>
            </param>
            <param index="3">
              <value>
                <![CDATA[3]]>
              </value>
            </param>
          </params>
        </test-method>
        <test-method status="PASS" signature="bMtdGnrlMtd(java.lang.String)" name="bMtdGnrlMtd" is-config="true" duration-ms="859" started-at="2019-04-05T18:24:08Z" finished-at="2019-04-05T18:24:09Z">
          <params>
            <param index="0">
              <value>
                <![CDATA[https://www.sathya.in/]]>
              </value>
            </param>
          </params>
        </test-method>
        <test-method status="PASS" signature="generalMtd(interfacePack.Commodity, interfacePack.Product, int, int)" name="generalMtd" duration-ms="12412" started-at="2019-04-05T18:24:09Z" finished-at="2019-04-05T18:24:21Z">
          <params>
            <param index="0">
              <value>
                <![CDATA[pageObjects.WashMachine@6b580b88]]>
              </value>
            </param>
            <param index="1">
              <value>
                <![CDATA[pageObjects.WashMachineProductPage@6d91790b]]>
              </value>
            </param>
            <param index="2">
              <value>
                <![CDATA[1]]>
              </value>
            </param>
            <param index="3">
              <value>
                <![CDATA[4]]>
              </value>
            </param>
          </params>
        </test-method>
        <test-method status="PASS" signature="bMtdGnrlMtd(java.lang.String)" name="bMtdGnrlMtd" is-config="true" duration-ms="1125" started-at="2019-04-05T18:24:21Z" finished-at="2019-04-05T18:24:22Z">
          <params>
            <param index="0">
              <value>
                <![CDATA[https://www.sathya.in/]]>
              </value>
            </param>
          </params>
        </test-method>
        <test-method status="PASS" signature="generalMtd(interfacePack.Commodity, interfacePack.Product, int, int)" name="generalMtd" duration-ms="44081" started-at="2019-04-05T18:24:22Z" finished-at="2019-04-05T18:25:06Z">
          <params>
            <param index="0">
              <value>
                <![CDATA[pageObjects.ComputerAccessories@6345e7b9]]>
              </value>
            </param>
            <param index="1">
              <value>
                <![CDATA[pageObjects.ComAccessoriesProductPage@4f8b4bd0]]>
              </value>
            </param>
            <param index="2">
              <value>
                <![CDATA[5]]>
              </value>
            </param>
            <param index="3">
              <value>
                <![CDATA[6]]>
              </value>
            </param>
          </params>
        </test-method>
        <test-method status="PASS" signature="toCloseBrowser()" name="toCloseBrowser" is-config="true" duration-ms="2161" started-at="2019-04-05T18:25:06Z" finished-at="2019-04-05T18:25:08Z">
        </test-method>
      </class>
    </test>
    <test name="Test2" duration-ms="19061" started-at="2019-04-05T18:25:09Z" finished-at="2019-04-05T18:25:28Z">
      <class name="sourceCode.ACModulePayment">
        <test-method status="PASS" signature="setUp()" name="setUp" is-config="true" duration-ms="4570" started-at="2019-04-05T18:25:09Z" finished-at="2019-04-05T18:25:13Z">
        </test-method>
        <test-method status="PASS" signature="bMtdGnrlMtd(java.lang.String)" name="bMtdGnrlMtd" is-config="true" duration-ms="2642" started-at="2019-04-05T18:25:14Z" finished-at="2019-04-05T18:25:16Z">
          <params>
            <param index="0">
              <value>
                <![CDATA[https://www.sathya.in/]]>
              </value>
            </param>
          </params>
        </test-method>
        <test-method status="PASS" signature="paymentProcess(java.lang.String, java.lang.String, java.lang.String, java.lang.String, java.lang.String, java.lang.String, java.lang.String, java.lang.String)" name="paymentProcess" duration-ms="11018" started-at="2019-04-05T18:25:16Z" finished-at="2019-04-05T18:25:27Z">
          <params>
            <param index="0">
              <value>
                <![CDATA[Saravanan]]>
              </value>
            </param>
            <param index="1">
              <value>
                <![CDATA[Arumugam]]>
              </value>
            </param>
            <param index="2">
              <value>
                <![CDATA[Salem]]>
              </value>
            </param>
            <param index="3">
              <value>
                <![CDATA[Salem]]>
              </value>
            </param>
            <param index="4">
              <value>
                <![CDATA[636455]]>
              </value>
            </param>
            <param index="5">
              <value>
                <![CDATA[India]]>
              </value>
            </param>
            <param index="6">
              <value>
                <![CDATA[saravananitindia@gmail.com]]>
              </value>
            </param>
            <param index="7">
              <value>
                <![CDATA[9677377669]]>
              </value>
            </param>
          </params>
        </test-method>
        <test-method status="PASS" signature="toCloseBrowser()" name="toCloseBrowser" is-config="true" duration-ms="203" started-at="2019-04-05T18:25:27Z" finished-at="2019-04-05T18:25:28Z">
        </test-method>
      </class>
    </test>
  </suite>
</testng-results>
